  [1m[36m (102.0ms)[0m  [1mCREATE TABLE "schema_migrations" ("version" character varying NOT NULL) [0m
  [1m[35m (3.2ms)[0m  CREATE UNIQUE INDEX  "unique_schema_migrations" ON "schema_migrations"  ("version")
  [1m[36mActiveRecord::SchemaMigration Load (0.5ms)[0m  [1mSELECT "schema_migrations".* FROM "schema_migrations"[0m
Migrating to CreatePictures (20150601220250)
  [1m[35m (0.1ms)[0m  BEGIN
  [1m[36m (4.1ms)[0m  [1mCREATE TABLE "pictures" ("id" serial primary key, "created_at" timestamp NOT NULL, "updated_at" timestamp NOT NULL) [0m
  [1m[35mSQL (0.3ms)[0m  INSERT INTO "schema_migrations" ("version") VALUES ($1)  [["version", "20150601220250"]]
  [1m[36m (0.9ms)[0m  [1mCOMMIT[0m
  [1m[35mActiveRecord::SchemaMigration Load (0.2ms)[0m  SELECT "schema_migrations".* FROM "schema_migrations"
  [1m[36m (7.4ms)[0m  [1mSELECT t2.oid::regclass::text AS to_table, a1.attname AS column, a2.attname AS primary_key, c.conname AS name, c.confupdtype AS on_update, c.confdeltype AS on_delete
FROM pg_constraint c
JOIN pg_class t1 ON c.conrelid = t1.oid
JOIN pg_class t2 ON c.confrelid = t2.oid
JOIN pg_attribute a1 ON a1.attnum = c.conkey[1] AND a1.attrelid = t1.oid
JOIN pg_attribute a2 ON a2.attnum = c.confkey[1] AND a2.attrelid = t2.oid
JOIN pg_namespace t3 ON c.connamespace = t3.oid
WHERE c.contype = 'f'
  AND t1.relname = 'pictures'
  AND t3.nspname = ANY (current_schemas(false))
ORDER BY c.conname
[0m
  [1m[36mActiveRecord::SchemaMigration Load (0.4ms)[0m  [1mSELECT "schema_migrations".* FROM "schema_migrations"[0m
Migrating to AddAttachmentImageToPictures (20150601220338)
  [1m[35m (0.1ms)[0m  BEGIN
  [1m[36m (4.5ms)[0m  [1mALTER TABLE "pictures" ADD "image_file_name" character varying[0m
  [1m[35m (0.4ms)[0m  ALTER TABLE "pictures" ADD "image_content_type" character varying
  [1m[36m (0.3ms)[0m  [1mALTER TABLE "pictures" ADD "image_file_size" integer[0m
  [1m[35m (0.3ms)[0m  ALTER TABLE "pictures" ADD "image_updated_at" timestamp
  [1m[36mSQL (0.2ms)[0m  [1mINSERT INTO "schema_migrations" ("version") VALUES ($1)[0m  [["version", "20150601220338"]]
  [1m[35m (39.9ms)[0m  COMMIT
  [1m[36mActiveRecord::SchemaMigration Load (0.3ms)[0m  [1mSELECT "schema_migrations".* FROM "schema_migrations"[0m
  [1m[35m (4.4ms)[0m  SELECT t2.oid::regclass::text AS to_table, a1.attname AS column, a2.attname AS primary_key, c.conname AS name, c.confupdtype AS on_update, c.confdeltype AS on_delete
FROM pg_constraint c
JOIN pg_class t1 ON c.conrelid = t1.oid
JOIN pg_class t2 ON c.confrelid = t2.oid
JOIN pg_attribute a1 ON a1.attnum = c.conkey[1] AND a1.attrelid = t1.oid
JOIN pg_attribute a2 ON a2.attnum = c.confkey[1] AND a2.attrelid = t2.oid
JOIN pg_namespace t3 ON c.connamespace = t3.oid
WHERE c.contype = 'f'
  AND t1.relname = 'pictures'
  AND t3.nspname = ANY (current_schemas(false))
ORDER BY c.conname

  [1m[36mActiveRecord::SchemaMigration Load (0.4ms)[0m  [1mSELECT "schema_migrations".* FROM "schema_migrations"[0m
  [1m[36mActiveRecord::SchemaMigration Load (0.4ms)[0m  [1mSELECT "schema_migrations".* FROM "schema_migrations"[0m
  [1m[36mActiveRecord::SchemaMigration Load (0.7ms)[0m  [1mSELECT "schema_migrations".* FROM "schema_migrations"[0m
  [1m[36mActiveRecord::SchemaMigration Load (0.4ms)[0m  [1mSELECT "schema_migrations".* FROM "schema_migrations"[0m
Command :: file -b --mime '/var/folders/k1/cdvbl2t54hs6xx8303byd1_00000gp/T/bd395178cdc183749053d0a5b156c06020150602-27304-1svxqn9.jpg'
Command :: identify -format '%wx%h,%[exif:orientation]' '/var/folders/k1/cdvbl2t54hs6xx8303byd1_00000gp/T/bd395178cdc183749053d0a5b156c06020150602-27304-1n1ntuj.jpg[0]' 2>/dev/null
Command :: identify -format %m '/var/folders/k1/cdvbl2t54hs6xx8303byd1_00000gp/T/bd395178cdc183749053d0a5b156c06020150602-27304-1n1ntuj.jpg[0]'
Command :: convert '/var/folders/k1/cdvbl2t54hs6xx8303byd1_00000gp/T/bd395178cdc183749053d0a5b156c06020150602-27304-1n1ntuj.jpg[0]' -auto-orient -resize "x510" -crop "510x510+340+0" +repage '/var/folders/k1/cdvbl2t54hs6xx8303byd1_00000gp/T/bd395178cdc183749053d0a5b156c06020150602-27304-1n1ntuj20150602-27304-ghkkab'
Command :: file -b --mime '/var/folders/k1/cdvbl2t54hs6xx8303byd1_00000gp/T/bd395178cdc183749053d0a5b156c06020150602-27304-1n1ntuj20150602-27304-ghkkab'
Command :: identify -format '%wx%h,%[exif:orientation]' '/var/folders/k1/cdvbl2t54hs6xx8303byd1_00000gp/T/bd395178cdc183749053d0a5b156c06020150602-27304-1n1ntuj.jpg[0]' 2>/dev/null
Command :: identify -format %m '/var/folders/k1/cdvbl2t54hs6xx8303byd1_00000gp/T/bd395178cdc183749053d0a5b156c06020150602-27304-1n1ntuj.jpg[0]'
Command :: convert '/var/folders/k1/cdvbl2t54hs6xx8303byd1_00000gp/T/bd395178cdc183749053d0a5b156c06020150602-27304-1n1ntuj.jpg[0]' -auto-orient -resize "x250" -crop "250x250+166+0" +repage '/var/folders/k1/cdvbl2t54hs6xx8303byd1_00000gp/T/bd395178cdc183749053d0a5b156c06020150602-27304-1n1ntuj20150602-27304-f3dco0'
Command :: file -b --mime '/var/folders/k1/cdvbl2t54hs6xx8303byd1_00000gp/T/bd395178cdc183749053d0a5b156c06020150602-27304-1n1ntuj20150602-27304-f3dco0'
  [1m[35m (0.3ms)[0m  BEGIN
Command :: file -b --mime '/var/folders/k1/cdvbl2t54hs6xx8303byd1_00000gp/T/bd395178cdc183749053d0a5b156c06020150602-27304-1r59z5o.jpg'
  [1m[36mSQL (7.5ms)[0m  [1mINSERT INTO "pictures" ("image_file_name", "image_content_type", "image_file_size", "image_updated_at", "created_at", "updated_at") VALUES ($1, $2, $3, $4, $5, $6) RETURNING "id"[0m  [["image_file_name", "boston_slider.jpg"], ["image_content_type", "image/jpg"], ["image_file_size", 362268], ["image_updated_at", "2015-06-02 19:13:15.176034"], ["created_at", "2015-06-02 19:13:16.340068"], ["updated_at", "2015-06-02 19:13:16.340068"]]
[paperclip] saving /original/1/boston_slider.jpg
[AWS S3 403 0.669401 1 retries] put_object(:acl=>:public_read,:bucket_name=>"bostonsbuildingsbucket",:content_length=>362268,:content_type=>"image/jpg",:data=>Paperclip::UploadedFileAdapter: boston_slider.jpg,:key=>"original/1/boston_slider.jpg") AWS::S3::Errors::InvalidAccessKeyId The AWS Access Key Id you provided does not exist in our records.

  [1m[35m (0.5ms)[0m  ROLLBACK
  [1m[36mActiveRecord::SchemaMigration Load (0.4ms)[0m  [1mSELECT "schema_migrations".* FROM "schema_migrations"[0m
Command :: file -b --mime '/var/folders/k1/cdvbl2t54hs6xx8303byd1_00000gp/T/bd395178cdc183749053d0a5b156c06020150602-27396-dupldh.jpg'
Command :: identify -format '%wx%h,%[exif:orientation]' '/var/folders/k1/cdvbl2t54hs6xx8303byd1_00000gp/T/bd395178cdc183749053d0a5b156c06020150602-27396-73jgyr.jpg[0]' 2>/dev/null
Command :: identify -format %m '/var/folders/k1/cdvbl2t54hs6xx8303byd1_00000gp/T/bd395178cdc183749053d0a5b156c06020150602-27396-73jgyr.jpg[0]'
Command :: convert '/var/folders/k1/cdvbl2t54hs6xx8303byd1_00000gp/T/bd395178cdc183749053d0a5b156c06020150602-27396-73jgyr.jpg[0]' -auto-orient -resize "x510" -crop "510x510+340+0" +repage '/var/folders/k1/cdvbl2t54hs6xx8303byd1_00000gp/T/bd395178cdc183749053d0a5b156c06020150602-27396-73jgyr20150602-27396-ibzon4'
Command :: file -b --mime '/var/folders/k1/cdvbl2t54hs6xx8303byd1_00000gp/T/bd395178cdc183749053d0a5b156c06020150602-27396-73jgyr20150602-27396-ibzon4'
Command :: identify -format '%wx%h,%[exif:orientation]' '/var/folders/k1/cdvbl2t54hs6xx8303byd1_00000gp/T/bd395178cdc183749053d0a5b156c06020150602-27396-73jgyr.jpg[0]' 2>/dev/null
Command :: identify -format %m '/var/folders/k1/cdvbl2t54hs6xx8303byd1_00000gp/T/bd395178cdc183749053d0a5b156c06020150602-27396-73jgyr.jpg[0]'
Command :: convert '/var/folders/k1/cdvbl2t54hs6xx8303byd1_00000gp/T/bd395178cdc183749053d0a5b156c06020150602-27396-73jgyr.jpg[0]' -auto-orient -resize "x250" -crop "250x250+166+0" +repage '/var/folders/k1/cdvbl2t54hs6xx8303byd1_00000gp/T/bd395178cdc183749053d0a5b156c06020150602-27396-73jgyr20150602-27396-dqncc0'
Command :: file -b --mime '/var/folders/k1/cdvbl2t54hs6xx8303byd1_00000gp/T/bd395178cdc183749053d0a5b156c06020150602-27396-73jgyr20150602-27396-dqncc0'
  [1m[35m (0.3ms)[0m  BEGIN
Command :: file -b --mime '/var/folders/k1/cdvbl2t54hs6xx8303byd1_00000gp/T/bd395178cdc183749053d0a5b156c06020150602-27396-1vdig90.jpg'
  [1m[36mSQL (0.5ms)[0m  [1mINSERT INTO "pictures" ("image_file_name", "image_content_type", "image_file_size", "image_updated_at", "created_at", "updated_at") VALUES ($1, $2, $3, $4, $5, $6) RETURNING "id"[0m  [["image_file_name", "boston_slider.jpg"], ["image_content_type", "image/jpg"], ["image_file_size", 362268], ["image_updated_at", "2015-06-02 19:14:32.293239"], ["created_at", "2015-06-02 19:14:32.670187"], ["updated_at", "2015-06-02 19:14:32.670187"]]
[paperclip] saving /original/2/boston_slider.jpg
[AWS S3 200 0.497263 0 retries] put_object(:acl=>:public_read,:bucket_name=>"bostonsbuildingsbucket",:content_length=>362268,:content_type=>"image/jpg",:data=>Paperclip::UploadedFileAdapter: boston_slider.jpg,:key=>"original/2/boston_slider.jpg")  

[paperclip] saving /large/2/boston_slider.jpg
[AWS S3 200 0.121468 0 retries] put_object(:acl=>:public_read,:bucket_name=>"bostonsbuildingsbucket",:content_length=>161807,:content_type=>"image/jpeg",:data=>Paperclip::FileAdapter: bd395178cdc183749053d0a5b156c06020150602-27396-73jgyr20150602-27396-ibzon4,:key=>"large/2/boston_slider.jpg")  

[paperclip] saving /medium/2/boston_slider.jpg
[AWS S3 200 0.076206 0 retries] put_object(:acl=>:public_read,:bucket_name=>"bostonsbuildingsbucket",:content_length=>46560,:content_type=>"image/jpeg",:data=>Paperclip::FileAdapter: bd395178cdc183749053d0a5b156c06020150602-27396-73jgyr20150602-27396-dqncc0,:key=>"medium/2/boston_slider.jpg")  

  [1m[35m (1.6ms)[0m  COMMIT
  [1m[36mPicture Load (1.1ms)[0m  [1mSELECT  "pictures".* FROM "pictures"  ORDER BY "pictures"."id" ASC LIMIT 1[0m
  [1m[36mPicture Load (1.1ms)[0m  [1mSELECT  "pictures".* FROM "pictures"  ORDER BY "pictures"."id" ASC LIMIT 1[0m
  [1m[35mPicture Load (0.9ms)[0m  SELECT  "pictures".* FROM "pictures"  ORDER BY "pictures"."id" ASC LIMIT 1
  [1m[36mPicture Load (0.4ms)[0m  [1mSELECT  "pictures".* FROM "pictures"  ORDER BY "pictures"."id" ASC LIMIT 1[0m
  [1m[36mActiveRecord::SchemaMigration Load (0.6ms)[0m  [1mSELECT "schema_migrations".* FROM "schema_migrations"[0m
Migrating to CreateBuildings (20150603160124)
  [1m[35m (0.2ms)[0m  BEGIN
  [1m[36m (77.3ms)[0m  [1mCREATE TABLE "buildings" ("id" serial primary key, "name" character varying, "street_num" integer, "street_name" character varying, "hood" character varying, "city" character varying, "zip" integer, "created_at" timestamp NOT NULL, "updated_at" timestamp NOT NULL) [0m
  [1m[35mSQL (0.8ms)[0m  INSERT INTO "schema_migrations" ("version") VALUES ($1)  [["version", "20150603160124"]]
  [1m[36m (192.0ms)[0m  [1mCOMMIT[0m
Migrating to CreateUsers (20150603160334)
  [1m[35m (139.9ms)[0m  BEGIN
  [1m[36m (637.3ms)[0m  [1mCREATE TABLE "users" ("id" serial primary key, "name" character varying, "email" character varying, "hood" character varying, "city" character varying, "created_at" timestamp NOT NULL, "updated_at" timestamp NOT NULL) [0m
  [1m[35mSQL (0.3ms)[0m  INSERT INTO "schema_migrations" ("version") VALUES ($1)  [["version", "20150603160334"]]
  [1m[36m (217.7ms)[0m  [1mCOMMIT[0m
  [1m[35mActiveRecord::SchemaMigration Load (0.4ms)[0m  SELECT "schema_migrations".* FROM "schema_migrations"
  [1m[36m (4.4ms)[0m  [1mSELECT t2.oid::regclass::text AS to_table, a1.attname AS column, a2.attname AS primary_key, c.conname AS name, c.confupdtype AS on_update, c.confdeltype AS on_delete
FROM pg_constraint c
JOIN pg_class t1 ON c.conrelid = t1.oid
JOIN pg_class t2 ON c.confrelid = t2.oid
JOIN pg_attribute a1 ON a1.attnum = c.conkey[1] AND a1.attrelid = t1.oid
JOIN pg_attribute a2 ON a2.attnum = c.confkey[1] AND a2.attrelid = t2.oid
JOIN pg_namespace t3 ON c.connamespace = t3.oid
WHERE c.contype = 'f'
  AND t1.relname = 'buildings'
  AND t3.nspname = ANY (current_schemas(false))
ORDER BY c.conname
[0m
  [1m[35m (3.7ms)[0m  SELECT t2.oid::regclass::text AS to_table, a1.attname AS column, a2.attname AS primary_key, c.conname AS name, c.confupdtype AS on_update, c.confdeltype AS on_delete
FROM pg_constraint c
JOIN pg_class t1 ON c.conrelid = t1.oid
JOIN pg_class t2 ON c.confrelid = t2.oid
JOIN pg_attribute a1 ON a1.attnum = c.conkey[1] AND a1.attrelid = t1.oid
JOIN pg_attribute a2 ON a2.attnum = c.confkey[1] AND a2.attrelid = t2.oid
JOIN pg_namespace t3 ON c.connamespace = t3.oid
WHERE c.contype = 'f'
  AND t1.relname = 'pictures'
  AND t3.nspname = ANY (current_schemas(false))
ORDER BY c.conname

  [1m[36m (3.9ms)[0m  [1mSELECT t2.oid::regclass::text AS to_table, a1.attname AS column, a2.attname AS primary_key, c.conname AS name, c.confupdtype AS on_update, c.confdeltype AS on_delete
FROM pg_constraint c
JOIN pg_class t1 ON c.conrelid = t1.oid
JOIN pg_class t2 ON c.confrelid = t2.oid
JOIN pg_attribute a1 ON a1.attnum = c.conkey[1] AND a1.attrelid = t1.oid
JOIN pg_attribute a2 ON a2.attnum = c.confkey[1] AND a2.attrelid = t2.oid
JOIN pg_namespace t3 ON c.connamespace = t3.oid
WHERE c.contype = 'f'
  AND t1.relname = 'users'
  AND t3.nspname = ANY (current_schemas(false))
ORDER BY c.conname
[0m
  [1m[36mActiveRecord::SchemaMigration Load (0.5ms)[0m  [1mSELECT "schema_migrations".* FROM "schema_migrations"[0m
  [1m[35mActiveRecord::SchemaMigration Load (0.4ms)[0m  SELECT "schema_migrations".* FROM "schema_migrations"
  [1m[36m (4.3ms)[0m  [1mSELECT t2.oid::regclass::text AS to_table, a1.attname AS column, a2.attname AS primary_key, c.conname AS name, c.confupdtype AS on_update, c.confdeltype AS on_delete
FROM pg_constraint c
JOIN pg_class t1 ON c.conrelid = t1.oid
JOIN pg_class t2 ON c.confrelid = t2.oid
JOIN pg_attribute a1 ON a1.attnum = c.conkey[1] AND a1.attrelid = t1.oid
JOIN pg_attribute a2 ON a2.attnum = c.confkey[1] AND a2.attrelid = t2.oid
JOIN pg_namespace t3 ON c.connamespace = t3.oid
WHERE c.contype = 'f'
  AND t1.relname = 'buildings'
  AND t3.nspname = ANY (current_schemas(false))
ORDER BY c.conname
[0m
  [1m[35m (3.7ms)[0m  SELECT t2.oid::regclass::text AS to_table, a1.attname AS column, a2.attname AS primary_key, c.conname AS name, c.confupdtype AS on_update, c.confdeltype AS on_delete
FROM pg_constraint c
JOIN pg_class t1 ON c.conrelid = t1.oid
JOIN pg_class t2 ON c.confrelid = t2.oid
JOIN pg_attribute a1 ON a1.attnum = c.conkey[1] AND a1.attrelid = t1.oid
JOIN pg_attribute a2 ON a2.attnum = c.confkey[1] AND a2.attrelid = t2.oid
JOIN pg_namespace t3 ON c.connamespace = t3.oid
WHERE c.contype = 'f'
  AND t1.relname = 'pictures'
  AND t3.nspname = ANY (current_schemas(false))
ORDER BY c.conname

  [1m[36m (7.9ms)[0m  [1mSELECT t2.oid::regclass::text AS to_table, a1.attname AS column, a2.attname AS primary_key, c.conname AS name, c.confupdtype AS on_update, c.confdeltype AS on_delete
FROM pg_constraint c
JOIN pg_class t1 ON c.conrelid = t1.oid
JOIN pg_class t2 ON c.confrelid = t2.oid
JOIN pg_attribute a1 ON a1.attnum = c.conkey[1] AND a1.attrelid = t1.oid
JOIN pg_attribute a2 ON a2.attnum = c.confkey[1] AND a2.attrelid = t2.oid
JOIN pg_namespace t3 ON c.connamespace = t3.oid
WHERE c.contype = 'f'
  AND t1.relname = 'users'
  AND t3.nspname = ANY (current_schemas(false))
ORDER BY c.conname
[0m
  [1m[36mActiveRecord::SchemaMigration Load (0.6ms)[0m  [1mSELECT "schema_migrations".* FROM "schema_migrations"[0m
Command :: file -b --mime '/var/folders/k1/cdvbl2t54hs6xx8303byd1_00000gp/T/bd395178cdc183749053d0a5b156c06020150603-35780-k1cuq.jpg'
Command :: identify -format '%wx%h,%[exif:orientation]' '/var/folders/k1/cdvbl2t54hs6xx8303byd1_00000gp/T/bd395178cdc183749053d0a5b156c06020150603-35780-1zs1yk.jpg[0]' 2>/dev/null
Command :: identify -format %m '/var/folders/k1/cdvbl2t54hs6xx8303byd1_00000gp/T/bd395178cdc183749053d0a5b156c06020150603-35780-1zs1yk.jpg[0]'
Command :: convert '/var/folders/k1/cdvbl2t54hs6xx8303byd1_00000gp/T/bd395178cdc183749053d0a5b156c06020150603-35780-1zs1yk.jpg[0]' -auto-orient -resize "x510" -crop "510x510+340+0" +repage '/var/folders/k1/cdvbl2t54hs6xx8303byd1_00000gp/T/bd395178cdc183749053d0a5b156c06020150603-35780-1zs1yk20150603-35780-ncrsc8'
Command :: file -b --mime '/var/folders/k1/cdvbl2t54hs6xx8303byd1_00000gp/T/bd395178cdc183749053d0a5b156c06020150603-35780-1zs1yk20150603-35780-ncrsc8'
Command :: identify -format '%wx%h,%[exif:orientation]' '/var/folders/k1/cdvbl2t54hs6xx8303byd1_00000gp/T/bd395178cdc183749053d0a5b156c06020150603-35780-1zs1yk.jpg[0]' 2>/dev/null
Command :: identify -format %m '/var/folders/k1/cdvbl2t54hs6xx8303byd1_00000gp/T/bd395178cdc183749053d0a5b156c06020150603-35780-1zs1yk.jpg[0]'
Command :: convert '/var/folders/k1/cdvbl2t54hs6xx8303byd1_00000gp/T/bd395178cdc183749053d0a5b156c06020150603-35780-1zs1yk.jpg[0]' -auto-orient -resize "x250" -crop "250x250+166+0" +repage '/var/folders/k1/cdvbl2t54hs6xx8303byd1_00000gp/T/bd395178cdc183749053d0a5b156c06020150603-35780-1zs1yk20150603-35780-epxl7h'
Command :: file -b --mime '/var/folders/k1/cdvbl2t54hs6xx8303byd1_00000gp/T/bd395178cdc183749053d0a5b156c06020150603-35780-1zs1yk20150603-35780-epxl7h'
Command :: identify -format '%wx%h,%[exif:orientation]' '/var/folders/k1/cdvbl2t54hs6xx8303byd1_00000gp/T/bd395178cdc183749053d0a5b156c06020150603-35780-1zs1yk.jpg[0]' 2>/dev/null
Command :: identify -format %m '/var/folders/k1/cdvbl2t54hs6xx8303byd1_00000gp/T/bd395178cdc183749053d0a5b156c06020150603-35780-1zs1yk.jpg[0]'
Command :: convert '/var/folders/k1/cdvbl2t54hs6xx8303byd1_00000gp/T/bd395178cdc183749053d0a5b156c06020150603-35780-1zs1yk.jpg[0]' -auto-orient -resize "x200" -crop "100x200+183+0" +repage '/var/folders/k1/cdvbl2t54hs6xx8303byd1_00000gp/T/bd395178cdc183749053d0a5b156c06020150603-35780-1zs1yk20150603-35780-i25dz3'
Command :: file -b --mime '/var/folders/k1/cdvbl2t54hs6xx8303byd1_00000gp/T/bd395178cdc183749053d0a5b156c06020150603-35780-1zs1yk20150603-35780-i25dz3'
  [1m[35m (0.2ms)[0m  BEGIN
Command :: file -b --mime '/var/folders/k1/cdvbl2t54hs6xx8303byd1_00000gp/T/bd395178cdc183749053d0a5b156c06020150603-35780-1eyzt31.jpg'
  [1m[36mSQL (0.5ms)[0m  [1mINSERT INTO "pictures" ("image_file_name", "image_content_type", "image_file_size", "image_updated_at", "created_at", "updated_at") VALUES ($1, $2, $3, $4, $5, $6) RETURNING "id"[0m  [["image_file_name", "boston_slider.jpg"], ["image_content_type", "image/jpg"], ["image_file_size", 362268], ["image_updated_at", "2015-06-03 16:25:07.676282"], ["created_at", "2015-06-03 16:25:08.892227"], ["updated_at", "2015-06-03 16:25:08.892227"]]
[paperclip] saving /original/3/boston_slider.jpg
[AWS S3 200 0.674655 0 retries] put_object(:acl=>:public_read,:bucket_name=>"bostonsbuildingsbucket",:content_length=>362268,:content_type=>"image/jpg",:data=>Paperclip::UploadedFileAdapter: boston_slider.jpg,:key=>"original/3/boston_slider.jpg")  

[paperclip] saving /large/3/boston_slider.jpg
[AWS S3 200 0.119112 0 retries] put_object(:acl=>:public_read,:bucket_name=>"bostonsbuildingsbucket",:content_length=>161807,:content_type=>"image/jpeg",:data=>Paperclip::FileAdapter: bd395178cdc183749053d0a5b156c06020150603-35780-1zs1yk20150603-35780-ncrsc8,:key=>"large/3/boston_slider.jpg")  

[paperclip] saving /medium/3/boston_slider.jpg
[AWS S3 200 0.07228 0 retries] put_object(:acl=>:public_read,:bucket_name=>"bostonsbuildingsbucket",:content_length=>46560,:content_type=>"image/jpeg",:data=>Paperclip::FileAdapter: bd395178cdc183749053d0a5b156c06020150603-35780-1zs1yk20150603-35780-epxl7h,:key=>"medium/3/boston_slider.jpg")  

[paperclip] saving /thumbnail/3/boston_slider.jpg
[AWS S3 200 0.082676 0 retries] put_object(:acl=>:public_read,:bucket_name=>"bostonsbuildingsbucket",:content_length=>16398,:content_type=>"image/jpeg",:data=>Paperclip::FileAdapter: bd395178cdc183749053d0a5b156c06020150603-35780-1zs1yk20150603-35780-i25dz3,:key=>"thumbnail/3/boston_slider.jpg")  

  [1m[35m (1.3ms)[0m  COMMIT
